<?xml version="1.0" encoding="UTF-8"?>
<testng-results ignored="0" total="1" passed="1" failed="0" skipped="0">
  <reporter-output>
  </reporter-output>
  <suite started-at="2023-03-13T18:41:09 IST" name="MyTestSuite" finished-at="2023-03-13T18:41:16 IST" duration-ms="6974">
    <groups>
      <group name="cucumber">
        <method signature="AbstractTestNGCucumberTests.runScenario(io.cucumber.testng.PickleWrapper,io.cucumber.testng.FeatureWrapper)[pri:0, instance:RunnerClasses.RunnerDemo@4dbb42b7]" name="runScenario" class="io.cucumber.testng.AbstractTestNGCucumberTests"/>
      </group> <!-- cucumber -->
    </groups>
    <test started-at="2023-03-13T18:41:09 IST" name="MyCucumberTests" finished-at="2023-03-13T18:41:16 IST" duration-ms="6974">
      <class name="RunnerClasses.RunnerDemo">
        <test-method is-config="true" signature="setUpClass(org.testng.ITestContext)[pri:0, instance:RunnerClasses.RunnerDemo@4dbb42b7]" started-at="2023-03-13T18:41:09 IST" name="setUpClass" finished-at="2023-03-13T18:41:15 IST" duration-ms="5033" status="PASS">
          <params>
            <param index="0">
              <value>
                <![CDATA[org.testng.TestRunner@5710768a]]>
              </value>
            </param>
          </params>
          <reporter-output>
          </reporter-output>
        </test-method> <!-- setUpClass -->
        <test-method signature="runScenario(io.cucumber.testng.PickleWrapper,io.cucumber.testng.FeatureWrapper)[pri:0, instance:RunnerClasses.RunnerDemo@4dbb42b7]" started-at="2023-03-13T18:41:15 IST" name="runScenario" description="Runs Cucumber Scenarios" data-provider="scenarios" finished-at="2023-03-13T18:41:16 IST" duration-ms="1212" status="PASS">
          <params>
            <param index="0">
              <value>
                <![CDATA["example to pront some message"]]>
              </value>
            </param>
            <param index="1">
              <value>
                <![CDATA["demo project"]]>
              </value>
            </param>
          </params>
          <reporter-output>
          </reporter-output>
        </test-method> <!-- runScenario -->
        <test-method is-config="true" signature="tearDownClass()[pri:0, instance:RunnerClasses.RunnerDemo@4dbb42b7]" started-at="2023-03-13T18:41:16 IST" name="tearDownClass" finished-at="2023-03-13T18:41:16 IST" duration-ms="448" status="PASS">
          <reporter-output>
          </reporter-output>
        </test-method> <!-- tearDownClass -->
      </class> <!-- RunnerClasses.RunnerDemo -->
    </test> <!-- MyCucumberTests -->
  </suite> <!-- MyTestSuite -->
</testng-results>
