<?xml version="1.0" encoding="UTF-8"?>
<testng-results ignored="0" total="1" passed="1" failed="0" skipped="0">
  <reporter-output>
  </reporter-output>
  <suite started-at="2023-03-19T19:58:31 IST" name="Suite" finished-at="2023-03-19T19:58:37 IST" duration-ms="5611">
    <groups>
      <group name="cucumber">
        <method signature="AbstractTestNGCucumberTests.runScenario(io.cucumber.testng.PickleWrapper,io.cucumber.testng.FeatureWrapper)[pri:0, instance:RunnerClasses.RunnerDemo@550dbc7a]" name="runScenario" class="io.cucumber.testng.AbstractTestNGCucumberTests"/>
      </group> <!-- cucumber -->
    </groups>
    <test started-at="2023-03-19T19:58:31 IST" name="Test" finished-at="2023-03-19T19:58:37 IST" duration-ms="5611">
      <class name="RunnerClasses.RunnerDemo">
        <test-method is-config="true" signature="setUpClass(org.testng.ITestContext)[pri:0, instance:RunnerClasses.RunnerDemo@550dbc7a]" started-at="2023-03-19T19:58:31 IST" name="setUpClass" finished-at="2023-03-19T19:58:35 IST" duration-ms="3818" status="PASS">
          <params>
            <param index="0">
              <value>
                <![CDATA[org.testng.TestRunner@76b0ae1b]]>
              </value>
            </param>
          </params>
          <reporter-output>
          </reporter-output>
        </test-method> <!-- setUpClass -->
        <test-method signature="runScenario(io.cucumber.testng.PickleWrapper,io.cucumber.testng.FeatureWrapper)[pri:0, instance:RunnerClasses.RunnerDemo@550dbc7a]" started-at="2023-03-19T19:58:35 IST" name="runScenario" description="Runs Cucumber Scenarios" data-provider="scenarios" finished-at="2023-03-19T19:58:36 IST" duration-ms="1107" status="PASS">
          <params>
            <param index="0">
              <value>
                <![CDATA["example to pront some message"]]>
              </value>
            </param>
            <param index="1">
              <value>
                <![CDATA["demo project"]]>
              </value>
            </param>
          </params>
          <reporter-output>
          </reporter-output>
        </test-method> <!-- runScenario -->
        <test-method is-config="true" signature="tearDownClass()[pri:0, instance:RunnerClasses.RunnerDemo@550dbc7a]" started-at="2023-03-19T19:58:36 IST" name="tearDownClass" finished-at="2023-03-19T19:58:37 IST" duration-ms="437" status="PASS">
          <reporter-output>
          </reporter-output>
        </test-method> <!-- tearDownClass -->
      </class> <!-- RunnerClasses.RunnerDemo -->
    </test> <!-- Test -->
  </suite> <!-- Suite -->
</testng-results>
