<?xml version="1.0" encoding="UTF-8"?>
<testng-results skipped="0" failed="0" ignored="0" total="1" passed="1">
  <reporter-output>
  </reporter-output>
  <suite name="Default suite" duration-ms="12402" started-at="2023-03-19T13:36:01 IST" finished-at="2023-03-19T13:36:14 IST">
    <groups>
      <group name="cucumber">
        <method signature="AbstractTestNGCucumberTests.runScenario(io.cucumber.testng.PickleWrapper,io.cucumber.testng.FeatureWrapper)[pri:0, instance:RunnerClasses.RunnerDemo@d6da883]" name="runScenario" class="io.cucumber.testng.AbstractTestNGCucumberTests"/>
      </group> <!-- cucumber -->
    </groups>
    <test name="Default test" duration-ms="12402" started-at="2023-03-19T13:36:01 IST" finished-at="2023-03-19T13:36:14 IST">
      <class name="RunnerClasses.RunnerDemo">
        <test-method status="PASS" signature="setUpClass(org.testng.ITestContext)[pri:0, instance:RunnerClasses.RunnerDemo@d6da883]" name="setUpClass" is-config="true" duration-ms="9174" started-at="2023-03-19T13:36:02 IST" finished-at="2023-03-19T13:36:11 IST">
          <params>
            <param index="0">
              <value>
                <![CDATA[org.testng.TestRunner@43f82e78]]>
              </value>
            </param>
          </params>
          <reporter-output>
          </reporter-output>
        </test-method> <!-- setUpClass -->
        <test-method status="PASS" signature="runScenario(io.cucumber.testng.PickleWrapper,io.cucumber.testng.FeatureWrapper)[pri:0, instance:RunnerClasses.RunnerDemo@d6da883]" name="runScenario" duration-ms="2137" started-at="2023-03-19T13:36:11 IST" description="Runs Cucumber Scenarios" data-provider="scenarios" finished-at="2023-03-19T13:36:13 IST">
          <params>
            <param index="0">
              <value>
                <![CDATA["example to pront some message"]]>
              </value>
            </param>
            <param index="1">
              <value>
                <![CDATA["demo project"]]>
              </value>
            </param>
          </params>
          <reporter-output>
          </reporter-output>
        </test-method> <!-- runScenario -->
        <test-method status="PASS" signature="tearDownClass()[pri:0, instance:RunnerClasses.RunnerDemo@d6da883]" name="tearDownClass" is-config="true" duration-ms="497" started-at="2023-03-19T13:36:13 IST" finished-at="2023-03-19T13:36:14 IST">
          <reporter-output>
          </reporter-output>
        </test-method> <!-- tearDownClass -->
      </class> <!-- RunnerClasses.RunnerDemo -->
    </test> <!-- Default test -->
  </suite> <!-- Default suite -->
</testng-results>
