<?xml version="1.0" encoding="UTF-8"?>
<testng-results ignored="0" total="1" passed="1" failed="0" skipped="0">
  <reporter-output>
  </reporter-output>
  <suite started-at="2023-03-13T12:44:29 IST" name="Default suite" finished-at="2023-03-13T12:44:45 IST" duration-ms="16200">
    <groups>
      <group name="cucumber">
        <method signature="AbstractTestNGCucumberTests.runScenario(io.cucumber.testng.PickleWrapper,io.cucumber.testng.FeatureWrapper)[pri:0, instance:RunnerClasses.RunnerDemo@48075da3]" name="runScenario" class="io.cucumber.testng.AbstractTestNGCucumberTests"/>
      </group> <!-- cucumber -->
    </groups>
    <test started-at="2023-03-13T12:44:29 IST" name="Default test" finished-at="2023-03-13T12:44:45 IST" duration-ms="16200">
      <class name="RunnerClasses.RunnerDemo">
        <test-method is-config="true" signature="setUpClass(org.testng.ITestContext)[pri:0, instance:RunnerClasses.RunnerDemo@48075da3]" started-at="2023-03-13T12:44:29 IST" name="setUpClass" finished-at="2023-03-13T12:44:40 IST" duration-ms="11331" status="PASS">
          <params>
            <param index="0">
              <value>
                <![CDATA[org.testng.TestRunner@3a43d133]]>
              </value>
            </param>
          </params>
          <reporter-output>
          </reporter-output>
        </test-method> <!-- setUpClass -->
        <test-method signature="runScenario(io.cucumber.testng.PickleWrapper,io.cucumber.testng.FeatureWrapper)[pri:0, instance:RunnerClasses.RunnerDemo@48075da3]" started-at="2023-03-13T12:44:41 IST" name="runScenario" description="Runs Cucumber Scenarios" data-provider="scenarios" finished-at="2023-03-13T12:44:44 IST" duration-ms="2988" status="PASS">
          <params>
            <param index="0">
              <value>
                <![CDATA["example to pront some message"]]>
              </value>
            </param>
            <param index="1">
              <value>
                <![CDATA["demo project"]]>
              </value>
            </param>
          </params>
          <reporter-output>
          </reporter-output>
        </test-method> <!-- runScenario -->
        <test-method is-config="true" signature="tearDownClass()[pri:0, instance:RunnerClasses.RunnerDemo@48075da3]" started-at="2023-03-13T12:44:44 IST" name="tearDownClass" finished-at="2023-03-13T12:44:45 IST" duration-ms="1007" status="PASS">
          <reporter-output>
          </reporter-output>
        </test-method> <!-- tearDownClass -->
      </class> <!-- RunnerClasses.RunnerDemo -->
    </test> <!-- Default test -->
  </suite> <!-- Default suite -->
</testng-results>
