<?xml version="1.0" encoding="UTF-8"?>
<!-- Generated by org.testng.reporters.JUnitXMLReporter -->
<testsuite ignored="0" hostname="DESKTOP-U63PT7Q" failures="0" tests="0" name="Test" time="0.916" errors="0" timestamp="2023-03-11T21:35:32 IST">
  <testcase classname="io.cucumber.testng.AbstractTestNGCucumberTests" name="@BeforeClass setUpClass" time="0.602">
    <failure type="java.lang.IllegalArgumentException" message="The glue path contained invalid identifiers src/test/java/Test.java">
      <![CDATA[java.lang.IllegalArgumentException: The glue path contained invalid identifiers src/test/java/Test.java
at io.cucumber.core.feature.GluePath.parseAssumeClasspathScheme(GluePath.java:87)
at io.cucumber.core.feature.GluePath.parse(GluePath.java:60)
at io.cucumber.core.options.CucumberOptionsAnnotationParser.addGlue(CucumberOptionsAnnotationParser.java:127)
at io.cucumber.core.options.CucumberOptionsAnnotationParser.parse(CucumberOptionsAnnotationParser.java:45)
at io.cucumber.testng.TestNGCucumberRunner.<init>(TestNGCucumberRunner.java:85)
at io.cucumber.testng.AbstractTestNGCucumberTests.setUpClass(AbstractTestNGCucumberTests.java:27)
at java.base/java.util.ArrayList.forEach(ArrayList.java:1541)
... Removed 25 stack frames]]>
    </failure>
  </testcase> <!-- @BeforeClass setUpClass -->
</testsuite> <!-- Test -->
